2018-03-17T09:48:37+00:00 CRITICAL Uncaught Error: Call to undefined function get_cart_contents_count() in D:\OSPanel\domains\wooComShop\wp-content\plugins\custom-cart-logic\includes\ccl-price-calculator.php:13
Stack trace:
#0 D:\OSPanel\domains\wooComShop\wp-content\plugins\custom-cart-logic\custom-cart-logic.php(46): Ccl_Price_Calculator::ccl_calculate()
#1 D:\OSPanel\domains\wooComShop\wp-includes\class-wp-hook.php(286): ccl_get_total_with_discont('')
#2 D:\OSPanel\domains\wooComShop\wp-includes\class-wp-hook.php(310): WP_Hook->apply_filters('', Array)
#3 D:\OSPanel\domains\wooComShop\wp-includes\plugin.php(453): WP_Hook->do_action(Array)
#4 D:\OSPanel\domains\wooComShop\wp-content\plugins\woocommerce\templates\cart\cart.php(25): do_action('woocommerce_bef...')
#5 D:\OSPanel\domains\wooComShop\wp-content\plugins\woocommerce\includes\wc-core-functions.php(211): include('D:\\OSPanel\\doma...')
#6 D:\OSPanel\domains\wooComShop\wp-content\plugins\woocommerce\includes\shortcodes\class-wc-shortcode-cart.php(87): wc_get_template('cart/cart.php')
#

2018-03-17T10:53:24+00:00 CRITICAL Uncaught Error: Call to undefined method WC_Cart::get_cart_content() in D:\OSPanel\domains\wooComShop\wp-content\plugins\custom-cart-logic\includes\class-ccl-price-calculator.php:15
Stack trace:
#0 D:\OSPanel\domains\wooComShop\wp-content\plugins\custom-cart-logic\custom-cart-logic.php(46): Ccl_Price_Calculator::ccl_calculate()
#1 D:\OSPanel\domains\wooComShop\wp-includes\class-wp-hook.php(286): ccl_get_total_with_discont('')
#2 D:\OSPanel\domains\wooComShop\wp-includes\class-wp-hook.php(310): WP_Hook->apply_filters('', Array)
#3 D:\OSPanel\domains\wooComShop\wp-includes\plugin.php(453): WP_Hook->do_action(Array)
#4 D:\OSPanel\domains\wooComShop\wp-content\plugins\woocommerce\templates\cart\cart.php(25): do_action('woocommerce_bef...')
#5 D:\OSPanel\domains\wooComShop\wp-content\plugins\woocommerce\includes\wc-core-functions.php(211): include('D:\\OSPanel\\doma...')
#6 D:\OSPanel\domains\wooComShop\wp-content\plugins\woocommerce\includes\shortcodes\class-wc-shortcode-cart.php(87): wc_get_template('cart/cart.p

2018-03-17T12:11:41+00:00 CRITICAL Maximum execution time of 180 seconds exceeded

2018-03-17T12:13:25+00:00 CRITICAL Maximum execution time of 180 seconds exceeded

2018-03-17T12:29:29+00:00 CRITICAL Maximum execution time of 180 seconds exceeded

2018-03-17T12:51:41+00:00 CRITICAL Uncaught Error: Call to undefined method WooCommerce::set_cart_total() in D:\OSPanel\domains\wooComShop\wp-content\plugins\custom-cart-logic\includes\class-ccl-price-calculator.php:26
Stack trace:
#0 D:\OSPanel\domains\wooComShop\wp-content\plugins\custom-cart-logic\custom-cart-logic.php(47): Ccl_Price_Calculator::calculate_discount(50)
#1 D:\OSPanel\domains\wooComShop\wp-includes\class-wp-hook.php(286): ccl_get_total_with_discont('')
#2 D:\OSPanel\domains\wooComShop\wp-includes\class-wp-hook.php(310): WP_Hook->apply_filters('', Array)
#3 D:\OSPanel\domains\wooComShop\wp-includes\plugin.php(453): WP_Hook->do_action(Array)
#4 D:\OSPanel\domains\wooComShop\wp-content\plugins\woocommerce\templates\cart\cart.php(25): do_action('woocommerce_bef...')
#5 D:\OSPanel\domains\wooComShop\wp-content\plugins\woocommerce\includes\wc-core-functions.php(211): include('D:\\OSPanel\\doma...')
#6 D:\OSPanel\domains\wooComShop\wp-content\plugins\woocommerce\includes\shortcodes\class-wc-shortcode-cart.php(87): wc_get_template('ca

2018-03-17T12:51:59+00:00 CRITICAL Uncaught Error: Call to undefined method WooCommerce::set_total() in D:\OSPanel\domains\wooComShop\wp-content\plugins\custom-cart-logic\includes\class-ccl-price-calculator.php:26
Stack trace:
#0 D:\OSPanel\domains\wooComShop\wp-content\plugins\custom-cart-logic\custom-cart-logic.php(47): Ccl_Price_Calculator::calculate_discount(50)
#1 D:\OSPanel\domains\wooComShop\wp-includes\class-wp-hook.php(286): ccl_get_total_with_discont('')
#2 D:\OSPanel\domains\wooComShop\wp-includes\class-wp-hook.php(310): WP_Hook->apply_filters('', Array)
#3 D:\OSPanel\domains\wooComShop\wp-includes\plugin.php(453): WP_Hook->do_action(Array)
#4 D:\OSPanel\domains\wooComShop\wp-content\plugins\woocommerce\templates\cart\cart.php(25): do_action('woocommerce_bef...')
#5 D:\OSPanel\domains\wooComShop\wp-content\plugins\woocommerce\includes\wc-core-functions.php(211): include('D:\\OSPanel\\doma...')
#6 D:\OSPanel\domains\wooComShop\wp-content\plugins\woocommerce\includes\shortcodes\class-wc-shortcode-cart.php(87): wc_get_template('cart/ca

2018-03-19T08:47:51+00:00 CRITICAL Uncaught Error: Call to a member function get_product() on null in D:\OSPanel\domains\wooComShop\wp-content\plugins\custom-cart-logic\includes\class-ccl-price-calculator.php:27
Stack trace:
#0 D:\OSPanel\domains\wooComShop\wp-content\plugins\custom-cart-logic\custom-cart-logic.php(47): Ccl_Price_Calculator::calculate_discount(50)
#1 D:\OSPanel\domains\wooComShop\wp-includes\class-wp-hook.php(286): ccl_get_total_with_discont('')
#2 D:\OSPanel\domains\wooComShop\wp-includes\class-wp-hook.php(310): WP_Hook->apply_filters('', Array)
#3 D:\OSPanel\domains\wooComShop\wp-includes\plugin.php(453): WP_Hook->do_action(Array)
#4 D:\OSPanel\domains\wooComShop\wp-content\plugins\woocommerce\templates\cart\cart.php(25): do_action('woocommerce_bef...')
#5 D:\OSPanel\domains\wooComShop\wp-content\plugins\woocommerce\includes\wc-core-functions.php(211): include('D:\\OSPanel\\doma...')
#6 D:\OSPanel\domains\wooComShop\wp-content\plugins\woocommerce\includes\shortcodes\class-wc-shortcode-cart.php(87): wc_get_template('cart/cart

2018-03-19T08:48:21+00:00 CRITICAL Uncaught Error: Call to a member function get_product() on null in D:\OSPanel\domains\wooComShop\wp-content\plugins\custom-cart-logic\includes\class-ccl-price-calculator.php:27
Stack trace:
#0 D:\OSPanel\domains\wooComShop\wp-content\plugins\custom-cart-logic\custom-cart-logic.php(47): Ccl_Price_Calculator::calculate_discount(50)
#1 D:\OSPanel\domains\wooComShop\wp-includes\class-wp-hook.php(286): ccl_get_total_with_discont('')
#2 D:\OSPanel\domains\wooComShop\wp-includes\class-wp-hook.php(310): WP_Hook->apply_filters('', Array)
#3 D:\OSPanel\domains\wooComShop\wp-includes\plugin.php(453): WP_Hook->do_action(Array)
#4 D:\OSPanel\domains\wooComShop\wp-content\plugins\woocommerce\templates\cart\cart.php(25): do_action('woocommerce_bef...')
#5 D:\OSPanel\domains\wooComShop\wp-content\plugins\woocommerce\includes\wc-core-functions.php(211): include('D:\\OSPanel\\doma...')
#6 D:\OSPanel\domains\wooComShop\wp-content\plugins\woocommerce\includes\shortcodes\class-wc-shortcode-cart.php(87): wc_get_template('cart/cart

2018-03-19T08:48:43+00:00 CRITICAL Uncaught Error: Call to a member function get_product() on null in D:\OSPanel\domains\wooComShop\wp-content\plugins\custom-cart-logic\includes\class-ccl-price-calculator.php:27
Stack trace:
#0 D:\OSPanel\domains\wooComShop\wp-content\plugins\custom-cart-logic\custom-cart-logic.php(47): Ccl_Price_Calculator::calculate_discount(50)
#1 D:\OSPanel\domains\wooComShop\wp-includes\class-wp-hook.php(286): ccl_get_total_with_discont('')
#2 D:\OSPanel\domains\wooComShop\wp-includes\class-wp-hook.php(310): WP_Hook->apply_filters('', Array)
#3 D:\OSPanel\domains\wooComShop\wp-includes\plugin.php(453): WP_Hook->do_action(Array)
#4 D:\OSPanel\domains\wooComShop\wp-content\plugins\woocommerce\templates\cart\cart.php(25): do_action('woocommerce_bef...')
#5 D:\OSPanel\domains\wooComShop\wp-content\plugins\woocommerce\includes\wc-core-functions.php(211): include('D:\\OSPanel\\doma...')
#6 D:\OSPanel\domains\wooComShop\wp-content\plugins\woocommerce\includes\shortcodes\class-wc-shortcode-cart.php(87): wc_get_template('cart/cart

2018-03-19T08:51:38+00:00 CRITICAL Uncaught Error: Call to a member function get_product() on null in D:\OSPanel\domains\wooComShop\wp-content\plugins\custom-cart-logic\includes\class-ccl-price-calculator.php:28
Stack trace:
#0 D:\OSPanel\domains\wooComShop\wp-content\plugins\custom-cart-logic\custom-cart-logic.php(47): Ccl_Price_Calculator::calculate_discount(50)
#1 D:\OSPanel\domains\wooComShop\wp-includes\class-wp-hook.php(286): ccl_get_total_with_discont('')
#2 D:\OSPanel\domains\wooComShop\wp-includes\class-wp-hook.php(310): WP_Hook->apply_filters('', Array)
#3 D:\OSPanel\domains\wooComShop\wp-includes\plugin.php(453): WP_Hook->do_action(Array)
#4 D:\OSPanel\domains\wooComShop\wp-content\plugins\woocommerce\templates\cart\cart.php(25): do_action('woocommerce_bef...')
#5 D:\OSPanel\domains\wooComShop\wp-content\plugins\woocommerce\includes\wc-core-functions.php(211): include('D:\\OSPanel\\doma...')
#6 D:\OSPanel\domains\wooComShop\wp-content\plugins\woocommerce\includes\shortcodes\class-wc-shortcode-cart.php(87): wc_get_template('cart/cart

2018-03-19T08:52:41+00:00 CRITICAL Uncaught Error: Call to undefined function global_terms() in D:\OSPanel\domains\wooComShop\wp-content\plugins\custom-cart-logic\includes\class-ccl-price-calculator.php:28
Stack trace:
#0 D:\OSPanel\domains\wooComShop\wp-content\plugins\custom-cart-logic\custom-cart-logic.php(47): Ccl_Price_Calculator::calculate_discount(50)
#1 D:\OSPanel\domains\wooComShop\wp-includes\class-wp-hook.php(286): ccl_get_total_with_discont('')
#2 D:\OSPanel\domains\wooComShop\wp-includes\class-wp-hook.php(310): WP_Hook->apply_filters('', Array)
#3 D:\OSPanel\domains\wooComShop\wp-includes\plugin.php(453): WP_Hook->do_action(Array)
#4 D:\OSPanel\domains\wooComShop\wp-content\plugins\woocommerce\templates\cart\cart.php(25): do_action('woocommerce_bef...')
#5 D:\OSPanel\domains\wooComShop\wp-content\plugins\woocommerce\includes\wc-core-functions.php(211): include('D:\\OSPanel\\doma...')
#6 D:\OSPanel\domains\wooComShop\wp-content\plugins\woocommerce\includes\shortcodes\class-wc-shortcode-cart.php(87): wc_get_template('cart/cart.php')

2018-03-19T08:53:19+00:00 CRITICAL Uncaught Error: Call to undefined function global_terms() in D:\OSPanel\domains\wooComShop\wp-content\plugins\custom-cart-logic\includes\class-ccl-price-calculator.php:28
Stack trace:
#0 D:\OSPanel\domains\wooComShop\wp-content\plugins\custom-cart-logic\custom-cart-logic.php(47): Ccl_Price_Calculator::calculate_discount(50)
#1 D:\OSPanel\domains\wooComShop\wp-includes\class-wp-hook.php(286): ccl_get_total_with_discont('')
#2 D:\OSPanel\domains\wooComShop\wp-includes\class-wp-hook.php(310): WP_Hook->apply_filters('', Array)
#3 D:\OSPanel\domains\wooComShop\wp-includes\plugin.php(453): WP_Hook->do_action(Array)
#4 D:\OSPanel\domains\wooComShop\wp-content\plugins\woocommerce\templates\cart\cart.php(25): do_action('woocommerce_bef...')
#5 D:\OSPanel\domains\wooComShop\wp-content\plugins\woocommerce\includes\wc-core-functions.php(211): include('D:\\OSPanel\\doma...')
#6 D:\OSPanel\domains\wooComShop\wp-content\plugins\woocommerce\includes\shortcodes\class-wc-shortcode-cart.php(87): wc_get_template('cart/cart.php')

2018-03-19T08:53:26+00:00 CRITICAL Uncaught Error: Call to undefined function global_terms() in D:\OSPanel\domains\wooComShop\wp-content\plugins\custom-cart-logic\includes\class-ccl-price-calculator.php:28
Stack trace:
#0 D:\OSPanel\domains\wooComShop\wp-content\plugins\custom-cart-logic\custom-cart-logic.php(47): Ccl_Price_Calculator::calculate_discount(50)
#1 D:\OSPanel\domains\wooComShop\wp-includes\class-wp-hook.php(286): ccl_get_total_with_discont('')
#2 D:\OSPanel\domains\wooComShop\wp-includes\class-wp-hook.php(310): WP_Hook->apply_filters('', Array)
#3 D:\OSPanel\domains\wooComShop\wp-includes\plugin.php(453): WP_Hook->do_action(Array)
#4 D:\OSPanel\domains\wooComShop\wp-content\plugins\woocommerce\templates\cart\cart.php(25): do_action('woocommerce_bef...')
#5 D:\OSPanel\domains\wooComShop\wp-content\plugins\woocommerce\includes\wc-core-functions.php(211): include('D:\\OSPanel\\doma...')
#6 D:\OSPanel\domains\wooComShop\wp-content\plugins\woocommerce\includes\shortcodes\class-wc-shortcode-cart.php(87): wc_get_template('cart/cart.php')

2018-03-19T08:56:37+00:00 CRITICAL Uncaught TypeError: Argument 1 passed to Ccl_Price_Calculator::get_prices_array() must be of the type array, null given, called in D:\OSPanel\domains\wooComShop\wp-content\plugins\custom-cart-logic\includes\class-ccl-price-calculator.php on line 24 and defined in D:\OSPanel\domains\wooComShop\wp-content\plugins\custom-cart-logic\includes\class-ccl-price-calculator.php:38
Stack trace:
#0 D:\OSPanel\domains\wooComShop\wp-content\plugins\custom-cart-logic\includes\class-ccl-price-calculator.php(24): Ccl_Price_Calculator::get_prices_array(NULL)
#1 D:\OSPanel\domains\wooComShop\wp-content\plugins\custom-cart-logic\custom-cart-logic.php(47): Ccl_Price_Calculator::calculate_discount(50)
#2 D:\OSPanel\domains\wooComShop\wp-includes\class-wp-hook.php(286): ccl_get_total_with_discont('')
#3 D:\OSPanel\domains\wooComShop\wp-includes\class-wp-hook.php(310): WP_Hook->apply_filters('', Array)
#4 D:\OSPanel\domains\wooComShop\wp-includes\plugin.php(453): WP_Hook->do_action(Array)
#5 D:\OSPanel\domains\wooComShop\wp-content\

2018-03-19T08:59:07+00:00 CRITICAL Uncaught Error: Call to undefined function array_first() in D:\OSPanel\domains\wooComShop\wp-content\plugins\custom-cart-logic\includes\class-ccl-price-calculator.php:29
Stack trace:
#0 D:\OSPanel\domains\wooComShop\wp-content\plugins\custom-cart-logic\custom-cart-logic.php(47): Ccl_Price_Calculator::calculate_discount(50)
#1 D:\OSPanel\domains\wooComShop\wp-includes\class-wp-hook.php(286): ccl_get_total_with_discont('')
#2 D:\OSPanel\domains\wooComShop\wp-includes\class-wp-hook.php(310): WP_Hook->apply_filters('', Array)
#3 D:\OSPanel\domains\wooComShop\wp-includes\plugin.php(453): WP_Hook->do_action(Array)
#4 D:\OSPanel\domains\wooComShop\wp-content\plugins\woocommerce\templates\cart\cart.php(25): do_action('woocommerce_bef...')
#5 D:\OSPanel\domains\wooComShop\wp-content\plugins\woocommerce\includes\wc-core-functions.php(211): include('D:\\OSPanel\\doma...')
#6 D:\OSPanel\domains\wooComShop\wp-content\plugins\woocommerce\includes\shortcodes\class-wc-shortcode-cart.php(87): wc_get_template('cart/cart.php')


2018-03-19T09:03:09+00:00 CRITICAL Uncaught Error: Call to a member function set_total() on array in D:\OSPanel\domains\wooComShop\wp-content\plugins\custom-cart-logic\includes\class-ccl-price-calculator.php:82
Stack trace:
#0 D:\OSPanel\domains\wooComShop\wp-content\plugins\custom-cart-logic\includes\class-ccl-price-calculator.php(26): Ccl_Price_Calculator::set_cart_with_discount(Array, Array)
#1 D:\OSPanel\domains\wooComShop\wp-content\plugins\custom-cart-logic\custom-cart-logic.php(47): Ccl_Price_Calculator::calculate_discount(50)
#2 D:\OSPanel\domains\wooComShop\wp-includes\class-wp-hook.php(286): ccl_get_total_with_discont('')
#3 D:\OSPanel\domains\wooComShop\wp-includes\class-wp-hook.php(310): WP_Hook->apply_filters('', Array)
#4 D:\OSPanel\domains\wooComShop\wp-includes\plugin.php(453): WP_Hook->do_action(Array)
#5 D:\OSPanel\domains\wooComShop\wp-content\plugins\woocommerce\templates\cart\cart.php(25): do_action('woocommerce_bef...')
#6 D:\OSPanel\domains\wooComShop\wp-content\plugins\woocommerce\includes\wc-core-functions.php(211): in

2018-03-19T10:44:33+00:00 CRITICAL Uncaught Error: Call to a member function get_results() on null in D:\OSPanel\domains\wooComShop\wp-content\plugins\custom-cart-logic\includes\class-ccl-price-calculator.php:140
Stack trace:
#0 D:\OSPanel\domains\wooComShop\wp-content\plugins\custom-cart-logic\includes\class-ccl-price-calculator.php(33): Ccl_Price_Calculator::get_disc_products()
#1 D:\OSPanel\domains\wooComShop\wp-content\plugins\custom-cart-logic\custom-cart-logic.php(47): Ccl_Price_Calculator::calculate_discount(50)
#2 D:\OSPanel\domains\wooComShop\wp-includes\class-wp-hook.php(286): ccl_get_total_with_discont('')
#3 D:\OSPanel\domains\wooComShop\wp-includes\class-wp-hook.php(310): WP_Hook->apply_filters('', Array)
#4 D:\OSPanel\domains\wooComShop\wp-includes\plugin.php(453): WP_Hook->do_action(Array)
#5 D:\OSPanel\domains\wooComShop\wp-content\plugins\woocommerce\templates\cart\cart.php(25): do_action('woocommerce_bef...')
#6 D:\OSPanel\domains\wooComShop\wp-content\plugins\woocommerce\includes\wc-core-functions.php(211): include('D:\\OSPa

2018-03-19T10:54:18+00:00 CRITICAL Uncaught Error: Call to undefined function select_by_id() in D:\OSPanel\domains\wooComShop\wp-content\plugins\custom-cart-logic\includes\class-ccl-price-calculator.php:33
Stack trace:
#0 D:\OSPanel\domains\wooComShop\wp-content\plugins\custom-cart-logic\custom-cart-logic.php(47): Ccl_Price_Calculator::calculate_discount(50)
#1 D:\OSPanel\domains\wooComShop\wp-includes\class-wp-hook.php(286): ccl_get_total_with_discont('')
#2 D:\OSPanel\domains\wooComShop\wp-includes\class-wp-hook.php(310): WP_Hook->apply_filters('', Array)
#3 D:\OSPanel\domains\wooComShop\wp-includes\plugin.php(453): WP_Hook->do_action(Array)
#4 D:\OSPanel\domains\wooComShop\wp-content\plugins\woocommerce\templates\cart\cart.php(25): do_action('woocommerce_bef...')
#5 D:\OSPanel\domains\wooComShop\wp-content\plugins\woocommerce\includes\wc-core-functions.php(211): include('D:\\OSPanel\\doma...')
#6 D:\OSPanel\domains\wooComShop\wp-content\plugins\woocommerce\includes\shortcodes\class-wc-shortcode-cart.php(87): wc_get_template('cart/cart.php')

2018-03-19T11:17:34+00:00 CRITICAL Uncaught Error: Call to undefined function select_by_id() in D:\OSPanel\domains\wooComShop\wp-content\plugins\custom-cart-logic\includes\class-ccl-price-calculator.php:150
Stack trace:
#0 D:\OSPanel\domains\wooComShop\wp-content\plugins\custom-cart-logic\includes\class-ccl-price-calculator.php(179): Ccl_Price_Calculator::swap_products(Array, Array)
#1 D:\OSPanel\domains\wooComShop\wp-content\plugins\custom-cart-logic\includes\class-ccl-price-calculator.php(34): Ccl_Price_Calculator::set_new_disc_products(Array)
#2 D:\OSPanel\domains\wooComShop\wp-content\plugins\custom-cart-logic\custom-cart-logic.php(47): Ccl_Price_Calculator::calculate_discount(50)
#3 D:\OSPanel\domains\wooComShop\wp-includes\class-wp-hook.php(286): ccl_get_total_with_discont('')
#4 D:\OSPanel\domains\wooComShop\wp-includes\class-wp-hook.php(310): WP_Hook->apply_filters('', Array)
#5 D:\OSPanel\domains\wooComShop\wp-includes\plugin.php(453): WP_Hook->do_action(Array)
#6 D:\OSPanel\domains\wooComShop\wp-content\plugins\woocommerce\templates\

2018-03-19T11:22:03+00:00 CRITICAL Uncaught Error: Cannot use object of type WC_Product_Simple as array in D:\OSPanel\domains\wooComShop\wp-content\plugins\custom-cart-logic\includes\class-ccl-price-calculator.php:36
Stack trace:
#0 D:\OSPanel\domains\wooComShop\wp-content\plugins\custom-cart-logic\custom-cart-logic.php(47): Ccl_Price_Calculator::calculate_discount(50)
#1 D:\OSPanel\domains\wooComShop\wp-includes\class-wp-hook.php(286): ccl_get_total_with_discont('')
#2 D:\OSPanel\domains\wooComShop\wp-includes\class-wp-hook.php(310): WP_Hook->apply_filters('', Array)
#3 D:\OSPanel\domains\wooComShop\wp-includes\plugin.php(453): WP_Hook->do_action(Array)
#4 D:\OSPanel\domains\wooComShop\wp-content\plugins\woocommerce\templates\cart\cart.php(25): do_action('woocommerce_bef...')
#5 D:\OSPanel\domains\wooComShop\wp-content\plugins\woocommerce\includes\wc-core-functions.php(211): include('D:\\OSPanel\\doma...')
#6 D:\OSPanel\domains\wooComShop\wp-content\plugins\woocommerce\includes\shortcodes\class-wc-shortcode-cart.php(87): wc_get_template('cart

2018-03-19T11:28:48+00:00 CRITICAL Uncaught Error: Call to undefined function select_by_id() in D:\OSPanel\domains\wooComShop\wp-content\plugins\custom-cart-logic\includes\class-ccl-price-calculator.php:152
Stack trace:
#0 D:\OSPanel\domains\wooComShop\wp-content\plugins\custom-cart-logic\includes\class-ccl-price-calculator.php(181): Ccl_Price_Calculator::swap_products(Array, Array)
#1 D:\OSPanel\domains\wooComShop\wp-content\plugins\custom-cart-logic\includes\class-ccl-price-calculator.php(34): Ccl_Price_Calculator::set_new_disc_products(Array)
#2 D:\OSPanel\domains\wooComShop\wp-content\plugins\custom-cart-logic\custom-cart-logic.php(47): Ccl_Price_Calculator::calculate_discount(50)
#3 D:\OSPanel\domains\wooComShop\wp-includes\class-wp-hook.php(286): ccl_get_total_with_discont('')
#4 D:\OSPanel\domains\wooComShop\wp-includes\class-wp-hook.php(310): WP_Hook->apply_filters('', Array)
#5 D:\OSPanel\domains\wooComShop\wp-includes\plugin.php(453): WP_Hook->do_action(Array)
#6 D:\OSPanel\domains\wooComShop\wp-content\plugins\woocommerce\templates\

2018-03-19T11:55:42+00:00 CRITICAL Uncaught Error: Call to undefined function arary_push() in D:\OSPanel\domains\wooComShop\wp-content\plugins\custom-cart-logic\includes\class-ccl-price-calculator.php:118
Stack trace:
#0 D:\OSPanel\domains\wooComShop\wp-content\plugins\custom-cart-logic\includes\class-ccl-price-calculator.php(177): Ccl_Price_Calculator::find_product_for_discount(Array)
#1 D:\OSPanel\domains\wooComShop\wp-content\plugins\custom-cart-logic\includes\class-ccl-price-calculator.php(34): Ccl_Price_Calculator::set_new_disc_products(Array)
#2 D:\OSPanel\domains\wooComShop\wp-content\plugins\custom-cart-logic\custom-cart-logic.php(47): Ccl_Price_Calculator::calculate_discount(50)
#3 D:\OSPanel\domains\wooComShop\wp-includes\class-wp-hook.php(286): ccl_get_total_with_discont('')
#4 D:\OSPanel\domains\wooComShop\wp-includes\class-wp-hook.php(310): WP_Hook->apply_filters('', Array)
#5 D:\OSPanel\domains\wooComShop\wp-includes\plugin.php(453): WP_Hook->do_action(Array)
#6 D:\OSPanel\domains\wooComShop\wp-content\plugins\woocommerce\templat

2018-03-19T13:00:18+00:00 CRITICAL Maximum execution time of 180 seconds exceeded

